<?xml version="1.0" encoding="UTF-8"?>
<coverage generated="1617642733439" clover="3.2.0">
  <project timestamp="1617642733439" name="All files">
    <metrics statements="109" coveredstatements="109" conditionals="45" coveredconditionals="39" methods="19" coveredmethods="19" elements="173" coveredelements="167" complexity="0" loc="109" ncloc="109" packages="4" files="7" classes="7"/>
    <package name="geo-challenge-backend">
      <metrics statements="24" coveredstatements="24" conditionals="13" coveredconditionals="7" methods="5" coveredmethods="5"/>
      <file name="config.js" path="/Users/sandraspanikova/coding/Springboard/Capstones/Geo/geo-challenge-backend/config.js">
        <metrics statements="12" coveredstatements="12" conditionals="10" coveredconditionals="6" methods="1" coveredmethods="1"/>
        <line num="1" count="2" type="stmt"/>
        <line num="3" count="2" type="cond" truecount="2" falsecount="0"/>
        <line num="4" count="2" type="cond" truecount="2" falsecount="0"/>
        <line num="8" count="3" type="cond" truecount="1" falsecount="1"/>
        <line num="14" count="2" type="cond" truecount="1" falsecount="1"/>
        <line num="16" count="2" type="stmt"/>
        <line num="17" count="2" type="stmt"/>
        <line num="18" count="2" type="stmt"/>
        <line num="19" count="2" type="stmt"/>
        <line num="20" count="2" type="stmt"/>
        <line num="21" count="2" type="stmt"/>
        <line num="23" count="2" type="stmt"/>
      </file>
      <file name="db.js" path="/Users/sandraspanikova/coding/Springboard/Capstones/Geo/geo-challenge-backend/db.js">
        <metrics statements="5" coveredstatements="5" conditionals="0" coveredconditionals="0" methods="0" coveredmethods="0"/>
        <line num="1" count="1" type="stmt"/>
        <line num="2" count="1" type="stmt"/>
        <line num="4" count="1" type="stmt"/>
        <line num="12" count="1" type="stmt"/>
        <line num="14" count="1" type="stmt"/>
      </file>
      <file name="expressError.js" path="/Users/sandraspanikova/coding/Springboard/Capstones/Geo/geo-challenge-backend/expressError.js">
        <metrics statements="7" coveredstatements="7" conditionals="3" coveredconditionals="1" methods="4" coveredmethods="4"/>
        <line num="3" count="11" type="stmt"/>
        <line num="4" count="11" type="stmt"/>
        <line num="5" count="11" type="stmt"/>
        <line num="13" count="3" type="stmt"/>
        <line num="21" count="5" type="stmt"/>
        <line num="29" count="3" type="stmt"/>
        <line num="33" count="2" type="stmt"/>
      </file>
    </package>
    <package name="geo-challenge-backend.helpers">
      <metrics statements="10" coveredstatements="10" conditionals="6" coveredconditionals="6" methods="2" coveredmethods="2"/>
      <file name="sql.js" path="/Users/sandraspanikova/coding/Springboard/Capstones/Geo/geo-challenge-backend/helpers/sql.js">
        <metrics statements="10" coveredstatements="10" conditionals="6" coveredconditionals="6" methods="2" coveredmethods="2"/>
        <line num="1" count="1" type="stmt"/>
        <line num="2" count="1" type="stmt"/>
        <line num="5" count="2" type="stmt"/>
        <line num="6" count="2" type="stmt"/>
        <line num="7" count="2" type="cond" truecount="4" falsecount="0"/>
        <line num="8" count="1" type="stmt"/>
        <line num="12" count="1" type="stmt"/>
        <line num="13" count="3" type="cond" truecount="2" falsecount="0"/>
        <line num="16" count="1" type="stmt"/>
        <line num="22" count="1" type="stmt"/>
      </file>
    </package>
    <package name="geo-challenge-backend.middleware">
      <metrics statements="21" coveredstatements="21" conditionals="8" coveredconditionals="8" methods="3" coveredmethods="3"/>
      <file name="auth.js" path="/Users/sandraspanikova/coding/Springboard/Capstones/Geo/geo-challenge-backend/middleware/auth.js">
        <metrics statements="21" coveredstatements="21" conditionals="8" coveredconditionals="8" methods="3" coveredmethods="3"/>
        <line num="1" count="1" type="stmt"/>
        <line num="2" count="1" type="stmt"/>
        <line num="3" count="1" type="stmt"/>
        <line num="10" count="3" type="stmt"/>
        <line num="11" count="3" type="cond" truecount="2" falsecount="0"/>
        <line num="12" count="3" type="cond" truecount="2" falsecount="0"/>
        <line num="13" count="2" type="stmt"/>
        <line num="14" count="2" type="stmt"/>
        <line num="16" count="2" type="stmt"/>
        <line num="18" count="1" type="stmt"/>
        <line num="24" count="2" type="stmt"/>
        <line num="25" count="2" type="cond" truecount="2" falsecount="0"/>
        <line num="26" count="1" type="stmt"/>
        <line num="28" count="1" type="stmt"/>
        <line num="34" count="2" type="stmt"/>
        <line num="35" count="2" type="stmt"/>
        <line num="36" count="2" type="cond" truecount="2" falsecount="0"/>
        <line num="37" count="1" type="stmt"/>
        <line num="39" count="1" type="stmt"/>
        <line num="42" count="1" type="stmt"/>
        <line num="46" count="1" type="stmt"/>
      </file>
    </package>
    <package name="geo-challenge-backend.models">
      <metrics statements="54" coveredstatements="54" conditionals="18" coveredconditionals="18" methods="9" coveredmethods="9"/>
      <file name="_testCommon.js" path="/Users/sandraspanikova/coding/Springboard/Capstones/Geo/geo-challenge-backend/models/_testCommon.js">
        <metrics statements="9" coveredstatements="9" conditionals="0" coveredconditionals="0" methods="4" coveredmethods="4"/>
        <line num="1" count="1" type="stmt"/>
        <line num="2" count="1" type="stmt"/>
        <line num="3" count="1" type="stmt"/>
        <line num="6" count="1" type="stmt"/>
        <line num="8" count="1" type="stmt"/>
        <line num="27" count="14" type="stmt"/>
        <line num="31" count="14" type="stmt"/>
        <line num="35" count="1" type="stmt"/>
        <line num="38" count="1" type="stmt"/>
      </file>
      <file name="user.js" path="/Users/sandraspanikova/coding/Springboard/Capstones/Geo/geo-challenge-backend/models/user.js">
        <metrics statements="45" coveredstatements="45" conditionals="18" coveredconditionals="18" methods="5" coveredmethods="5"/>
        <line num="1" count="1" type="stmt"/>
        <line num="2" count="1" type="stmt"/>
        <line num="7" count="1" type="stmt"/>
        <line num="8" count="1" type="stmt"/>
        <line num="9" count="1" type="stmt"/>
        <line num="17" count="3" type="stmt"/>
        <line num="27" count="3" type="stmt"/>
        <line num="29" count="3" type="cond" truecount="2" falsecount="0"/>
        <line num="31" count="2" type="stmt"/>
        <line num="32" count="2" type="cond" truecount="2" falsecount="0"/>
        <line num="33" count="1" type="stmt"/>
        <line num="34" count="1" type="stmt"/>
        <line num="38" count="2" type="stmt"/>
        <line num="45" count="3" type="stmt"/>
        <line num="52" count="3" type="cond" truecount="2" falsecount="0"/>
        <line num="53" count="1" type="stmt"/>
        <line num="56" count="2" type="stmt"/>
        <line num="58" count="2" type="stmt"/>
        <line num="70" count="2" type="stmt"/>
        <line num="71" count="2" type="stmt"/>
        <line num="78" count="2" type="stmt"/>
        <line num="89" count="2" type="stmt"/>
        <line num="90" count="2" type="cond" truecount="2" falsecount="0"/>
        <line num="91" count="1" type="stmt"/>
        <line num="98" count="5" type="stmt"/>
        <line num="104" count="5" type="cond" truecount="2" falsecount="0"/>
        <line num="105" count="4" type="stmt"/>
        <line num="108" count="4" type="stmt"/>
        <line num="109" count="4" type="cond" truecount="2" falsecount="0"/>
        <line num="110" count="1" type="stmt"/>
        <line num="114" count="3" type="cond" truecount="2" falsecount="0"/>
        <line num="115" count="2" type="stmt"/>
        <line num="122" count="2" type="cond" truecount="2" falsecount="0"/>
        <line num="123" count="1" type="stmt"/>
        <line num="127" count="2" type="stmt"/>
        <line num="131" count="1" type="stmt"/>
        <line num="133" count="1" type="stmt"/>
        <line num="140" count="1" type="stmt"/>
        <line num="141" count="1" type="stmt"/>
        <line num="142" count="1" type="stmt"/>
        <line num="143" count="1" type="stmt"/>
        <line num="148" count="2" type="stmt"/>
        <line num="155" count="2" type="stmt"/>
        <line num="157" count="2" type="cond" truecount="2" falsecount="0"/>
        <line num="161" count="1" type="stmt"/>
      </file>
    </package>
  </project>
</coverage>
