{"/Users/sandraspanikova/coding/Springboard/Capstones/Geo/geo-challenge-backend/config.js": {"path":"/Users/sandraspanikova/coding/Springboard/Capstones/Geo/geo-challenge-backend/config.js","statementMap":{"0":{"start":{"line":1,"column":0},"end":{"line":1,"column":18}},"1":{"start":{"line":3,"column":19},"end":{"line":3,"column":57}},"2":{"start":{"line":4,"column":13},"end":{"line":4,"column":38}},"3":{"start":{"line":8,"column":2},"end":{"line":10,"column":40}},"4":{"start":{"line":14,"column":27},"end":{"line":14,"column":67}},"5":{"start":{"line":16,"column":0},"end":{"line":16,"column":35}},"6":{"start":{"line":17,"column":0},"end":{"line":17,"column":46}},"7":{"start":{"line":18,"column":0},"end":{"line":18,"column":45}},"8":{"start":{"line":19,"column":0},"end":{"line":19,"column":62}},"9":{"start":{"line":20,"column":0},"end":{"line":20,"column":50}},"10":{"start":{"line":21,"column":0},"end":{"line":21,"column":19}},"11":{"start":{"line":23,"column":0},"end":{"line":28,"column":2}}},"fnMap":{"0":{"name":"getDatabaseUri","decl":{"start":{"line":7,"column":9},"end":{"line":7,"column":23}},"loc":{"start":{"line":7,"column":26},"end":{"line":11,"column":1}},"line":7}},"branchMap":{"0":{"loc":{"start":{"line":3,"column":19},"end":{"line":3,"column":57}},"type":"binary-expr","locations":[{"start":{"line":3,"column":19},"end":{"line":3,"column":41}},{"start":{"line":3,"column":45},"end":{"line":3,"column":57}}],"line":3},"1":{"loc":{"start":{"line":4,"column":13},"end":{"line":4,"column":38}},"type":"binary-expr","locations":[{"start":{"line":4,"column":13},"end":{"line":4,"column":30}},{"start":{"line":4,"column":34},"end":{"line":4,"column":38}}],"line":4},"2":{"loc":{"start":{"line":8,"column":9},"end":{"line":10,"column":39}},"type":"cond-expr","locations":[{"start":{"line":9,"column":6},"end":{"line":9,"column":16}},{"start":{"line":10,"column":6},"end":{"line":10,"column":39}}],"line":8},"3":{"loc":{"start":{"line":10,"column":6},"end":{"line":10,"column":39}},"type":"binary-expr","locations":[{"start":{"line":10,"column":6},"end":{"line":10,"column":30}},{"start":{"line":10,"column":34},"end":{"line":10,"column":39}}],"line":10},"4":{"loc":{"start":{"line":14,"column":27},"end":{"line":14,"column":67}},"type":"cond-expr","locations":[{"start":{"line":14,"column":61},"end":{"line":14,"column":62}},{"start":{"line":14,"column":65},"end":{"line":14,"column":67}}],"line":14}},"s":{"0":2,"1":2,"2":2,"3":3,"4":2,"5":2,"6":2,"7":2,"8":2,"9":2,"10":2,"11":2},"f":{"0":3},"b":{"0":[2,2],"1":[2,2],"2":[3,0],"3":[0,0],"4":[2,0]},"_coverageSchema":"1a1c01bbd47fc00a2c39e90264f33305004495a9","hash":"b6943fa062f84b297bcc358e860081763f79ef4d"}
,"/Users/sandraspanikova/coding/Springboard/Capstones/Geo/geo-challenge-backend/db.js": {"path":"/Users/sandraspanikova/coding/Springboard/Capstones/Geo/geo-challenge-backend/db.js","statementMap":{"0":{"start":{"line":1,"column":19},"end":{"line":1,"column":32}},"1":{"start":{"line":2,"column":27},"end":{"line":2,"column":46}},"2":{"start":{"line":4,"column":11},"end":{"line":10,"column":2}},"3":{"start":{"line":12,"column":0},"end":{"line":12,"column":13}},"4":{"start":{"line":14,"column":0},"end":{"line":14,"column":20}}},"fnMap":{},"branchMap":{},"s":{"0":1,"1":1,"2":1,"3":1,"4":1},"f":{},"b":{},"_coverageSchema":"1a1c01bbd47fc00a2c39e90264f33305004495a9","hash":"de38a913b930ebcb0744f39153ae8b21ccd8e093"}
,"/Users/sandraspanikova/coding/Springboard/Capstones/Geo/geo-challenge-backend/expressError.js": {"path":"/Users/sandraspanikova/coding/Springboard/Capstones/Geo/geo-challenge-backend/expressError.js","statementMap":{"0":{"start":{"line":3,"column":4},"end":{"line":3,"column":12}},"1":{"start":{"line":4,"column":4},"end":{"line":4,"column":27}},"2":{"start":{"line":5,"column":4},"end":{"line":5,"column":25}},"3":{"start":{"line":13,"column":4},"end":{"line":13,"column":24}},"4":{"start":{"line":21,"column":4},"end":{"line":21,"column":24}},"5":{"start":{"line":29,"column":4},"end":{"line":29,"column":24}},"6":{"start":{"line":33,"column":0},"end":{"line":38,"column":2}}},"fnMap":{"0":{"name":"(anonymous_0)","decl":{"start":{"line":2,"column":2},"end":{"line":2,"column":3}},"loc":{"start":{"line":2,"column":31},"end":{"line":6,"column":3}},"line":2},"1":{"name":"(anonymous_1)","decl":{"start":{"line":12,"column":2},"end":{"line":12,"column":3}},"loc":{"start":{"line":12,"column":37},"end":{"line":14,"column":3}},"line":12},"2":{"name":"(anonymous_2)","decl":{"start":{"line":20,"column":2},"end":{"line":20,"column":3}},"loc":{"start":{"line":20,"column":40},"end":{"line":22,"column":3}},"line":20},"3":{"name":"(anonymous_3)","decl":{"start":{"line":28,"column":2},"end":{"line":28,"column":3}},"loc":{"start":{"line":28,"column":39},"end":{"line":30,"column":3}},"line":28}},"branchMap":{"0":{"loc":{"start":{"line":12,"column":14},"end":{"line":12,"column":35}},"type":"default-arg","locations":[{"start":{"line":12,"column":24},"end":{"line":12,"column":35}}],"line":12},"1":{"loc":{"start":{"line":20,"column":14},"end":{"line":20,"column":38}},"type":"default-arg","locations":[{"start":{"line":20,"column":24},"end":{"line":20,"column":38}}],"line":20},"2":{"loc":{"start":{"line":28,"column":14},"end":{"line":28,"column":37}},"type":"default-arg","locations":[{"start":{"line":28,"column":24},"end":{"line":28,"column":37}}],"line":28}},"s":{"0":11,"1":11,"2":11,"3":3,"4":5,"5":3,"6":2},"f":{"0":11,"1":3,"2":5,"3":3},"b":{"0":[0],"1":[2],"2":[0]},"_coverageSchema":"1a1c01bbd47fc00a2c39e90264f33305004495a9","hash":"8948355550b65b70d288f939fbc49698e69f51d9"}
,"/Users/sandraspanikova/coding/Springboard/Capstones/Geo/geo-challenge-backend/helpers/sql.js": {"path":"/Users/sandraspanikova/coding/Springboard/Capstones/Geo/geo-challenge-backend/helpers/sql.js","statementMap":{"0":{"start":{"line":1,"column":21},"end":{"line":1,"column":37}},"1":{"start":{"line":2,"column":28},"end":{"line":2,"column":54}},"2":{"start":{"line":5,"column":15},"end":{"line":5,"column":40}},"3":{"start":{"line":6,"column":2},"end":{"line":6,"column":30}},"4":{"start":{"line":7,"column":2},"end":{"line":9,"column":3}},"5":{"start":{"line":8,"column":4},"end":{"line":8,"column":41}},"6":{"start":{"line":12,"column":15},"end":{"line":14,"column":3}},"7":{"start":{"line":13,"column":22},"end":{"line":13,"column":68}},"8":{"start":{"line":16,"column":2},"end":{"line":19,"column":4}},"9":{"start":{"line":22,"column":0},"end":{"line":22,"column":41}}},"fnMap":{"0":{"name":"sqlForPartialUpdate","decl":{"start":{"line":4,"column":9},"end":{"line":4,"column":28}},"loc":{"start":{"line":4,"column":52},"end":{"line":20,"column":1}},"line":4},"1":{"name":"(anonymous_1)","decl":{"start":{"line":13,"column":4},"end":{"line":13,"column":5}},"loc":{"start":{"line":13,"column":22},"end":{"line":13,"column":68}},"line":13}},"branchMap":{"0":{"loc":{"start":{"line":7,"column":2},"end":{"line":9,"column":3}},"type":"if","locations":[{"start":{"line":7,"column":2},"end":{"line":9,"column":3}},{"start":{"line":7,"column":2},"end":{"line":9,"column":3}}],"line":7},"1":{"loc":{"start":{"line":7,"column":6},"end":{"line":7,"column":52}},"type":"binary-expr","locations":[{"start":{"line":7,"column":6},"end":{"line":7,"column":23}},{"start":{"line":7,"column":27},"end":{"line":7,"column":52}}],"line":7},"2":{"loc":{"start":{"line":13,"column":26},"end":{"line":13,"column":53}},"type":"binary-expr","locations":[{"start":{"line":13,"column":26},"end":{"line":13,"column":42}},{"start":{"line":13,"column":46},"end":{"line":13,"column":53}}],"line":13}},"s":{"0":1,"1":1,"2":2,"3":2,"4":2,"5":1,"6":1,"7":3,"8":1,"9":1},"f":{"0":2,"1":3},"b":{"0":[1,1],"1":[2,1],"2":[3,2]},"_coverageSchema":"1a1c01bbd47fc00a2c39e90264f33305004495a9","hash":"09c5ee7b7fb3b1cee3ceb07b8aa4a9e32eaf3d59"}
,"/Users/sandraspanikova/coding/Springboard/Capstones/Geo/geo-challenge-backend/middleware/auth.js": {"path":"/Users/sandraspanikova/coding/Springboard/Capstones/Geo/geo-challenge-backend/middleware/auth.js","statementMap":{"0":{"start":{"line":1,"column":12},"end":{"line":1,"column":35}},"1":{"start":{"line":2,"column":23},"end":{"line":2,"column":43}},"2":{"start":{"line":3,"column":30},"end":{"line":3,"column":56}},"3":{"start":{"line":10,"column":2},"end":{"line":19,"column":3}},"4":{"start":{"line":11,"column":23},"end":{"line":11,"column":63}},"5":{"start":{"line":12,"column":4},"end":{"line":15,"column":5}},"6":{"start":{"line":13,"column":20},"end":{"line":13,"column":64}},"7":{"start":{"line":14,"column":6},"end":{"line":14,"column":54}},"8":{"start":{"line":16,"column":4},"end":{"line":16,"column":18}},"9":{"start":{"line":18,"column":4},"end":{"line":18,"column":18}},"10":{"start":{"line":24,"column":2},"end":{"line":29,"column":3}},"11":{"start":{"line":25,"column":4},"end":{"line":25,"column":56}},"12":{"start":{"line":25,"column":26},"end":{"line":25,"column":56}},"13":{"start":{"line":26,"column":4},"end":{"line":26,"column":18}},"14":{"start":{"line":28,"column":4},"end":{"line":28,"column":21}},"15":{"start":{"line":34,"column":2},"end":{"line":43,"column":3}},"16":{"start":{"line":35,"column":17},"end":{"line":35,"column":32}},"17":{"start":{"line":36,"column":4},"end":{"line":40,"column":5}},"18":{"start":{"line":37,"column":6},"end":{"line":37,"column":20}},"19":{"start":{"line":39,"column":6},"end":{"line":39,"column":36}},"20":{"start":{"line":42,"column":4},"end":{"line":42,"column":19}},"21":{"start":{"line":46,"column":0},"end":{"line":50,"column":2}}},"fnMap":{"0":{"name":"authenticateJWT","decl":{"start":{"line":9,"column":9},"end":{"line":9,"column":24}},"loc":{"start":{"line":9,"column":41},"end":{"line":20,"column":1}},"line":9},"1":{"name":"ensureLoggedIn","decl":{"start":{"line":23,"column":9},"end":{"line":23,"column":23}},"loc":{"start":{"line":23,"column":40},"end":{"line":30,"column":1}},"line":23},"2":{"name":"ensureSelf","decl":{"start":{"line":33,"column":9},"end":{"line":33,"column":19}},"loc":{"start":{"line":33,"column":36},"end":{"line":44,"column":1}},"line":33}},"branchMap":{"0":{"loc":{"start":{"line":11,"column":23},"end":{"line":11,"column":63}},"type":"binary-expr","locations":[{"start":{"line":11,"column":23},"end":{"line":11,"column":34}},{"start":{"line":11,"column":38},"end":{"line":11,"column":63}}],"line":11},"1":{"loc":{"start":{"line":12,"column":4},"end":{"line":15,"column":5}},"type":"if","locations":[{"start":{"line":12,"column":4},"end":{"line":15,"column":5}},{"start":{"line":12,"column":4},"end":{"line":15,"column":5}}],"line":12},"2":{"loc":{"start":{"line":25,"column":4},"end":{"line":25,"column":56}},"type":"if","locations":[{"start":{"line":25,"column":4},"end":{"line":25,"column":56}},{"start":{"line":25,"column":4},"end":{"line":25,"column":56}}],"line":25},"3":{"loc":{"start":{"line":36,"column":4},"end":{"line":40,"column":5}},"type":"if","locations":[{"start":{"line":36,"column":4},"end":{"line":40,"column":5}},{"start":{"line":36,"column":4},"end":{"line":40,"column":5}}],"line":36}},"s":{"0":1,"1":1,"2":1,"3":3,"4":3,"5":3,"6":2,"7":2,"8":2,"9":1,"10":2,"11":2,"12":1,"13":1,"14":1,"15":2,"16":2,"17":2,"18":1,"19":1,"20":1,"21":1},"f":{"0":3,"1":2,"2":2},"b":{"0":[3,2],"1":[2,1],"2":[1,1],"3":[1,1]},"_coverageSchema":"1a1c01bbd47fc00a2c39e90264f33305004495a9","hash":"8ac86f617636554f34e66f3fa7efa77b40fbbea1"}
,"/Users/sandraspanikova/coding/Springboard/Capstones/Geo/geo-challenge-backend/models/_testCommon.js": {"path":"/Users/sandraspanikova/coding/Springboard/Capstones/Geo/geo-challenge-backend/models/_testCommon.js","statementMap":{"0":{"start":{"line":1,"column":15},"end":{"line":1,"column":32}},"1":{"start":{"line":2,"column":11},"end":{"line":2,"column":30}},"2":{"start":{"line":3,"column":31},"end":{"line":3,"column":51}},"3":{"start":{"line":6,"column":2},"end":{"line":6,"column":38}},"4":{"start":{"line":8,"column":2},"end":{"line":23,"column":4}},"5":{"start":{"line":27,"column":2},"end":{"line":27,"column":26}},"6":{"start":{"line":31,"column":2},"end":{"line":31,"column":29}},"7":{"start":{"line":35,"column":2},"end":{"line":35,"column":17}},"8":{"start":{"line":38,"column":0},"end":{"line":43,"column":2}}},"fnMap":{"0":{"name":"commonBeforeAll","decl":{"start":{"line":5,"column":15},"end":{"line":5,"column":30}},"loc":{"start":{"line":5,"column":33},"end":{"line":24,"column":1}},"line":5},"1":{"name":"commonBeforeEach","decl":{"start":{"line":26,"column":15},"end":{"line":26,"column":31}},"loc":{"start":{"line":26,"column":34},"end":{"line":28,"column":1}},"line":26},"2":{"name":"commonAfterEach","decl":{"start":{"line":30,"column":15},"end":{"line":30,"column":30}},"loc":{"start":{"line":30,"column":33},"end":{"line":32,"column":1}},"line":30},"3":{"name":"commonAfterAll","decl":{"start":{"line":34,"column":15},"end":{"line":34,"column":29}},"loc":{"start":{"line":34,"column":32},"end":{"line":36,"column":1}},"line":34}},"branchMap":{},"s":{"0":1,"1":1,"2":1,"3":1,"4":1,"5":14,"6":14,"7":1,"8":1},"f":{"0":1,"1":14,"2":14,"3":1},"b":{},"_coverageSchema":"1a1c01bbd47fc00a2c39e90264f33305004495a9","hash":"95ad4e069ffb41c3efe2a38c334a3261ec6ad812"}
,"/Users/sandraspanikova/coding/Springboard/Capstones/Geo/geo-challenge-backend/models/user.js": {"path":"/Users/sandraspanikova/coding/Springboard/Capstones/Geo/geo-challenge-backend/models/user.js","statementMap":{"0":{"start":{"line":1,"column":11},"end":{"line":1,"column":27}},"1":{"start":{"line":2,"column":15},"end":{"line":2,"column":32}},"2":{"start":{"line":7,"column":4},"end":{"line":7,"column":30}},"3":{"start":{"line":8,"column":31},"end":{"line":8,"column":54}},"4":{"start":{"line":9,"column":32},"end":{"line":9,"column":57}},"5":{"start":{"line":17,"column":19},"end":{"line":26,"column":5}},"6":{"start":{"line":27,"column":17},"end":{"line":27,"column":31}},"7":{"start":{"line":29,"column":4},"end":{"line":36,"column":5}},"8":{"start":{"line":31,"column":22},"end":{"line":31,"column":67}},"9":{"start":{"line":32,"column":6},"end":{"line":35,"column":7}},"10":{"start":{"line":33,"column":8},"end":{"line":33,"column":29}},"11":{"start":{"line":34,"column":8},"end":{"line":34,"column":20}},"12":{"start":{"line":38,"column":4},"end":{"line":38,"column":74}},"13":{"start":{"line":45,"column":27},"end":{"line":50,"column":5}},"14":{"start":{"line":52,"column":4},"end":{"line":54,"column":5}},"15":{"start":{"line":53,"column":6},"end":{"line":53,"column":72}},"16":{"start":{"line":56,"column":27},"end":{"line":56,"column":74}},"17":{"start":{"line":58,"column":19},"end":{"line":68,"column":5}},"18":{"start":{"line":70,"column":17},"end":{"line":70,"column":31}},"19":{"start":{"line":71,"column":4},"end":{"line":71,"column":16}},"20":{"start":{"line":78,"column":16},"end":{"line":87,"column":5}},"21":{"start":{"line":89,"column":17},"end":{"line":89,"column":28}},"22":{"start":{"line":90,"column":4},"end":{"line":90,"column":68}},"23":{"start":{"line":90,"column":15},"end":{"line":90,"column":68}},"24":{"start":{"line":91,"column":4},"end":{"line":91,"column":16}},"25":{"start":{"line":98,"column":19},"end":{"line":103,"column":5}},"26":{"start":{"line":104,"column":4},"end":{"line":104,"column":78}},"27":{"start":{"line":104,"column":25},"end":{"line":104,"column":78}},"28":{"start":{"line":105,"column":25},"end":{"line":105,"column":39}},"29":{"start":{"line":108,"column":20},"end":{"line":108,"column":65}},"30":{"start":{"line":109,"column":4},"end":{"line":111,"column":5}},"31":{"start":{"line":110,"column":6},"end":{"line":110,"column":54}},"32":{"start":{"line":114,"column":4},"end":{"line":125,"column":5}},"33":{"start":{"line":115,"column":29},"end":{"line":120,"column":7}},"34":{"start":{"line":122,"column":6},"end":{"line":124,"column":7}},"35":{"start":{"line":123,"column":8},"end":{"line":123,"column":74}},"36":{"start":{"line":127,"column":32},"end":{"line":130,"column":6}},"37":{"start":{"line":131,"column":27},"end":{"line":131,"column":52}},"38":{"start":{"line":133,"column":21},"end":{"line":139,"column":38}},"39":{"start":{"line":140,"column":16},"end":{"line":140,"column":63}},"40":{"start":{"line":141,"column":17},"end":{"line":141,"column":28}},"41":{"start":{"line":142,"column":4},"end":{"line":142,"column":25}},"42":{"start":{"line":143,"column":4},"end":{"line":143,"column":16}},"43":{"start":{"line":148,"column":17},"end":{"line":154,"column":5}},"44":{"start":{"line":155,"column":17},"end":{"line":155,"column":31}},"45":{"start":{"line":157,"column":4},"end":{"line":157,"column":68}},"46":{"start":{"line":157,"column":15},"end":{"line":157,"column":68}},"47":{"start":{"line":161,"column":0},"end":{"line":161,"column":22}}},"fnMap":{"0":{"name":"(anonymous_0)","decl":{"start":{"line":15,"column":2},"end":{"line":15,"column":3}},"loc":{"start":{"line":15,"column":48},"end":{"line":39,"column":3}},"line":15},"1":{"name":"(anonymous_1)","decl":{"start":{"line":44,"column":2},"end":{"line":44,"column":3}},"loc":{"start":{"line":44,"column":76},"end":{"line":72,"column":3}},"line":44},"2":{"name":"(anonymous_2)","decl":{"start":{"line":77,"column":2},"end":{"line":77,"column":3}},"loc":{"start":{"line":77,"column":29},"end":{"line":92,"column":3}},"line":77},"3":{"name":"(anonymous_3)","decl":{"start":{"line":97,"column":2},"end":{"line":97,"column":3}},"loc":{"start":{"line":97,"column":38},"end":{"line":144,"column":3}},"line":97},"4":{"name":"(anonymous_4)","decl":{"start":{"line":147,"column":2},"end":{"line":147,"column":3}},"loc":{"start":{"line":147,"column":32},"end":{"line":158,"column":3}},"line":147}},"branchMap":{"0":{"loc":{"start":{"line":29,"column":4},"end":{"line":36,"column":5}},"type":"if","locations":[{"start":{"line":29,"column":4},"end":{"line":36,"column":5}},{"start":{"line":29,"column":4},"end":{"line":36,"column":5}}],"line":29},"1":{"loc":{"start":{"line":32,"column":6},"end":{"line":35,"column":7}},"type":"if","locations":[{"start":{"line":32,"column":6},"end":{"line":35,"column":7}},{"start":{"line":32,"column":6},"end":{"line":35,"column":7}}],"line":32},"2":{"loc":{"start":{"line":52,"column":4},"end":{"line":54,"column":5}},"type":"if","locations":[{"start":{"line":52,"column":4},"end":{"line":54,"column":5}},{"start":{"line":52,"column":4},"end":{"line":54,"column":5}}],"line":52},"3":{"loc":{"start":{"line":90,"column":4},"end":{"line":90,"column":68}},"type":"if","locations":[{"start":{"line":90,"column":4},"end":{"line":90,"column":68}},{"start":{"line":90,"column":4},"end":{"line":90,"column":68}}],"line":90},"4":{"loc":{"start":{"line":104,"column":4},"end":{"line":104,"column":78}},"type":"if","locations":[{"start":{"line":104,"column":4},"end":{"line":104,"column":78}},{"start":{"line":104,"column":4},"end":{"line":104,"column":78}}],"line":104},"5":{"loc":{"start":{"line":109,"column":4},"end":{"line":111,"column":5}},"type":"if","locations":[{"start":{"line":109,"column":4},"end":{"line":111,"column":5}},{"start":{"line":109,"column":4},"end":{"line":111,"column":5}}],"line":109},"6":{"loc":{"start":{"line":114,"column":4},"end":{"line":125,"column":5}},"type":"if","locations":[{"start":{"line":114,"column":4},"end":{"line":125,"column":5}},{"start":{"line":114,"column":4},"end":{"line":125,"column":5}}],"line":114},"7":{"loc":{"start":{"line":122,"column":6},"end":{"line":124,"column":7}},"type":"if","locations":[{"start":{"line":122,"column":6},"end":{"line":124,"column":7}},{"start":{"line":122,"column":6},"end":{"line":124,"column":7}}],"line":122},"8":{"loc":{"start":{"line":157,"column":4},"end":{"line":157,"column":68}},"type":"if","locations":[{"start":{"line":157,"column":4},"end":{"line":157,"column":68}},{"start":{"line":157,"column":4},"end":{"line":157,"column":68}}],"line":157}},"s":{"0":1,"1":1,"2":1,"3":1,"4":1,"5":3,"6":3,"7":3,"8":2,"9":2,"10":1,"11":1,"12":2,"13":3,"14":3,"15":1,"16":2,"17":2,"18":2,"19":2,"20":2,"21":2,"22":2,"23":1,"24":1,"25":5,"26":5,"27":1,"28":4,"29":4,"30":4,"31":1,"32":3,"33":2,"34":2,"35":1,"36":2,"37":1,"38":1,"39":1,"40":1,"41":1,"42":1,"43":2,"44":2,"45":2,"46":1,"47":1},"f":{"0":3,"1":3,"2":2,"3":5,"4":2},"b":{"0":[2,1],"1":[1,1],"2":[1,2],"3":[1,1],"4":[1,4],"5":[1,3],"6":[2,1],"7":[1,1],"8":[1,1]},"_coverageSchema":"1a1c01bbd47fc00a2c39e90264f33305004495a9","hash":"0007c783cd3974c2c6279d0f393e36c9215d4856"}
}
