{"/Users/sandraspanikova/coding/Springboard/Capstones/Geo/geo-challenge-backend/app.js": {"path":"/Users/sandraspanikova/coding/Springboard/Capstones/Geo/geo-challenge-backend/app.js","statementMap":{"0":{"start":{"line":1,"column":16},"end":{"line":1,"column":34}},"1":{"start":{"line":3,"column":12},"end":{"line":3,"column":21}},"2":{"start":{"line":4,"column":26},"end":{"line":4,"column":51}},"3":{"start":{"line":5,"column":28},"end":{"line":5,"column":56}},"4":{"start":{"line":6,"column":19},"end":{"line":6,"column":43}},"5":{"start":{"line":7,"column":19},"end":{"line":7,"column":44}},"6":{"start":{"line":10,"column":0},"end":{"line":10,"column":24}},"7":{"start":{"line":11,"column":0},"end":{"line":11,"column":48}},"8":{"start":{"line":12,"column":0},"end":{"line":12,"column":25}},"9":{"start":{"line":14,"column":0},"end":{"line":14,"column":29}},"10":{"start":{"line":15,"column":0},"end":{"line":15,"column":30}},"11":{"start":{"line":18,"column":0},"end":{"line":20,"column":3}},"12":{"start":{"line":19,"column":2},"end":{"line":19,"column":35}},"13":{"start":{"line":23,"column":0},"end":{"line":31,"column":3}},"14":{"start":{"line":24,"column":2},"end":{"line":24,"column":64}},"15":{"start":{"line":24,"column":39},"end":{"line":24,"column":64}},"16":{"start":{"line":25,"column":17},"end":{"line":25,"column":34}},"17":{"start":{"line":26,"column":18},"end":{"line":26,"column":29}},"18":{"start":{"line":28,"column":2},"end":{"line":30,"column":5}},"19":{"start":{"line":33,"column":0},"end":{"line":33,"column":21}}},"fnMap":{"0":{"name":"(anonymous_0)","decl":{"start":{"line":18,"column":8},"end":{"line":18,"column":9}},"loc":{"start":{"line":18,"column":34},"end":{"line":20,"column":1}},"line":18},"1":{"name":"(anonymous_1)","decl":{"start":{"line":23,"column":8},"end":{"line":23,"column":9}},"loc":{"start":{"line":23,"column":39},"end":{"line":31,"column":1}},"line":23}},"branchMap":{"0":{"loc":{"start":{"line":24,"column":2},"end":{"line":24,"column":64}},"type":"if","locations":[{"start":{"line":24,"column":2},"end":{"line":24,"column":64}},{"start":{"line":24,"column":2},"end":{"line":24,"column":64}}],"line":24},"1":{"loc":{"start":{"line":25,"column":17},"end":{"line":25,"column":34}},"type":"binary-expr","locations":[{"start":{"line":25,"column":17},"end":{"line":25,"column":27}},{"start":{"line":25,"column":31},"end":{"line":25,"column":34}}],"line":25}},"s":{"0":2,"1":2,"2":2,"3":2,"4":2,"5":2,"6":2,"7":2,"8":2,"9":2,"10":2,"11":2,"12":0,"13":2,"14":13,"15":0,"16":13,"17":13,"18":13,"19":2},"f":{"0":0,"1":13},"b":{"0":[0,13],"1":[13,0]},"_coverageSchema":"1a1c01bbd47fc00a2c39e90264f33305004495a9","hash":"2b6d34160a41e8d96b467e2a92845752744c69db"}
,"/Users/sandraspanikova/coding/Springboard/Capstones/Geo/geo-challenge-backend/config.js": {"path":"/Users/sandraspanikova/coding/Springboard/Capstones/Geo/geo-challenge-backend/config.js","statementMap":{"0":{"start":{"line":1,"column":0},"end":{"line":1,"column":18}},"1":{"start":{"line":3,"column":19},"end":{"line":3,"column":57}},"2":{"start":{"line":4,"column":13},"end":{"line":4,"column":38}},"3":{"start":{"line":8,"column":2},"end":{"line":10,"column":40}},"4":{"start":{"line":14,"column":27},"end":{"line":14,"column":67}},"5":{"start":{"line":16,"column":0},"end":{"line":16,"column":35}},"6":{"start":{"line":17,"column":0},"end":{"line":17,"column":46}},"7":{"start":{"line":18,"column":0},"end":{"line":18,"column":45}},"8":{"start":{"line":19,"column":0},"end":{"line":19,"column":62}},"9":{"start":{"line":20,"column":0},"end":{"line":20,"column":50}},"10":{"start":{"line":21,"column":0},"end":{"line":21,"column":19}},"11":{"start":{"line":23,"column":0},"end":{"line":28,"column":2}}},"fnMap":{"0":{"name":"getDatabaseUri","decl":{"start":{"line":7,"column":9},"end":{"line":7,"column":23}},"loc":{"start":{"line":7,"column":26},"end":{"line":11,"column":1}},"line":7}},"branchMap":{"0":{"loc":{"start":{"line":3,"column":19},"end":{"line":3,"column":57}},"type":"binary-expr","locations":[{"start":{"line":3,"column":19},"end":{"line":3,"column":41}},{"start":{"line":3,"column":45},"end":{"line":3,"column":57}}],"line":3},"1":{"loc":{"start":{"line":4,"column":13},"end":{"line":4,"column":38}},"type":"binary-expr","locations":[{"start":{"line":4,"column":13},"end":{"line":4,"column":30}},{"start":{"line":4,"column":34},"end":{"line":4,"column":38}}],"line":4},"2":{"loc":{"start":{"line":8,"column":9},"end":{"line":10,"column":39}},"type":"cond-expr","locations":[{"start":{"line":9,"column":6},"end":{"line":9,"column":16}},{"start":{"line":10,"column":6},"end":{"line":10,"column":39}}],"line":8},"3":{"loc":{"start":{"line":10,"column":6},"end":{"line":10,"column":39}},"type":"binary-expr","locations":[{"start":{"line":10,"column":6},"end":{"line":10,"column":30}},{"start":{"line":10,"column":34},"end":{"line":10,"column":39}}],"line":10},"4":{"loc":{"start":{"line":14,"column":27},"end":{"line":14,"column":67}},"type":"cond-expr","locations":[{"start":{"line":14,"column":61},"end":{"line":14,"column":62}},{"start":{"line":14,"column":65},"end":{"line":14,"column":67}}],"line":14}},"s":{"0":5,"1":5,"2":5,"3":8,"4":5,"5":5,"6":5,"7":5,"8":5,"9":5,"10":5,"11":5},"f":{"0":8},"b":{"0":[5,5],"1":[5,5],"2":[8,0],"3":[0,0],"4":[5,0]},"_coverageSchema":"1a1c01bbd47fc00a2c39e90264f33305004495a9","hash":"b6943fa062f84b297bcc358e860081763f79ef4d"}
,"/Users/sandraspanikova/coding/Springboard/Capstones/Geo/geo-challenge-backend/db.js": {"path":"/Users/sandraspanikova/coding/Springboard/Capstones/Geo/geo-challenge-backend/db.js","statementMap":{"0":{"start":{"line":1,"column":19},"end":{"line":1,"column":32}},"1":{"start":{"line":2,"column":27},"end":{"line":2,"column":46}},"2":{"start":{"line":4,"column":11},"end":{"line":10,"column":2}},"3":{"start":{"line":12,"column":0},"end":{"line":12,"column":13}},"4":{"start":{"line":14,"column":0},"end":{"line":14,"column":20}}},"fnMap":{},"branchMap":{},"s":{"0":3,"1":3,"2":3,"3":3,"4":3},"f":{},"b":{},"_coverageSchema":"1a1c01bbd47fc00a2c39e90264f33305004495a9","hash":"de38a913b930ebcb0744f39153ae8b21ccd8e093"}
,"/Users/sandraspanikova/coding/Springboard/Capstones/Geo/geo-challenge-backend/expressError.js": {"path":"/Users/sandraspanikova/coding/Springboard/Capstones/Geo/geo-challenge-backend/expressError.js","statementMap":{"0":{"start":{"line":3,"column":4},"end":{"line":3,"column":12}},"1":{"start":{"line":4,"column":4},"end":{"line":4,"column":27}},"2":{"start":{"line":5,"column":4},"end":{"line":5,"column":25}},"3":{"start":{"line":13,"column":4},"end":{"line":13,"column":24}},"4":{"start":{"line":21,"column":4},"end":{"line":21,"column":24}},"5":{"start":{"line":29,"column":4},"end":{"line":29,"column":24}},"6":{"start":{"line":33,"column":0},"end":{"line":38,"column":2}}},"fnMap":{"0":{"name":"(anonymous_0)","decl":{"start":{"line":2,"column":2},"end":{"line":2,"column":3}},"loc":{"start":{"line":2,"column":31},"end":{"line":6,"column":3}},"line":2},"1":{"name":"(anonymous_1)","decl":{"start":{"line":12,"column":2},"end":{"line":12,"column":3}},"loc":{"start":{"line":12,"column":37},"end":{"line":14,"column":3}},"line":12},"2":{"name":"(anonymous_2)","decl":{"start":{"line":20,"column":2},"end":{"line":20,"column":3}},"loc":{"start":{"line":20,"column":40},"end":{"line":22,"column":3}},"line":20},"3":{"name":"(anonymous_3)","decl":{"start":{"line":28,"column":2},"end":{"line":28,"column":3}},"loc":{"start":{"line":28,"column":39},"end":{"line":30,"column":3}},"line":28}},"branchMap":{"0":{"loc":{"start":{"line":12,"column":14},"end":{"line":12,"column":35}},"type":"default-arg","locations":[{"start":{"line":12,"column":24},"end":{"line":12,"column":35}}],"line":12},"1":{"loc":{"start":{"line":20,"column":14},"end":{"line":20,"column":38}},"type":"default-arg","locations":[{"start":{"line":20,"column":24},"end":{"line":20,"column":38}}],"line":20},"2":{"loc":{"start":{"line":28,"column":14},"end":{"line":28,"column":37}},"type":"default-arg","locations":[{"start":{"line":28,"column":24},"end":{"line":28,"column":37}}],"line":28}},"s":{"0":25,"1":25,"2":25,"3":3,"4":13,"5":9,"6":4},"f":{"0":25,"1":3,"2":13,"3":9},"b":{"0":[0],"1":[8],"2":[0]},"_coverageSchema":"1a1c01bbd47fc00a2c39e90264f33305004495a9","hash":"8948355550b65b70d288f939fbc49698e69f51d9"}
,"/Users/sandraspanikova/coding/Springboard/Capstones/Geo/geo-challenge-backend/helpers/sql.js": {"path":"/Users/sandraspanikova/coding/Springboard/Capstones/Geo/geo-challenge-backend/helpers/sql.js","statementMap":{"0":{"start":{"line":1,"column":21},"end":{"line":1,"column":37}},"1":{"start":{"line":2,"column":28},"end":{"line":2,"column":54}},"2":{"start":{"line":5,"column":15},"end":{"line":5,"column":40}},"3":{"start":{"line":6,"column":2},"end":{"line":6,"column":30}},"4":{"start":{"line":7,"column":2},"end":{"line":9,"column":3}},"5":{"start":{"line":8,"column":4},"end":{"line":8,"column":41}},"6":{"start":{"line":12,"column":15},"end":{"line":14,"column":3}},"7":{"start":{"line":13,"column":22},"end":{"line":13,"column":68}},"8":{"start":{"line":16,"column":2},"end":{"line":19,"column":4}},"9":{"start":{"line":22,"column":0},"end":{"line":22,"column":41}}},"fnMap":{"0":{"name":"sqlForPartialUpdate","decl":{"start":{"line":4,"column":9},"end":{"line":4,"column":28}},"loc":{"start":{"line":4,"column":52},"end":{"line":20,"column":1}},"line":4},"1":{"name":"(anonymous_1)","decl":{"start":{"line":13,"column":4},"end":{"line":13,"column":5}},"loc":{"start":{"line":13,"column":22},"end":{"line":13,"column":68}},"line":13}},"branchMap":{"0":{"loc":{"start":{"line":7,"column":2},"end":{"line":9,"column":3}},"type":"if","locations":[{"start":{"line":7,"column":2},"end":{"line":9,"column":3}},{"start":{"line":7,"column":2},"end":{"line":9,"column":3}}],"line":7},"1":{"loc":{"start":{"line":7,"column":6},"end":{"line":7,"column":52}},"type":"binary-expr","locations":[{"start":{"line":7,"column":6},"end":{"line":7,"column":23}},{"start":{"line":7,"column":27},"end":{"line":7,"column":52}}],"line":7},"2":{"loc":{"start":{"line":13,"column":26},"end":{"line":13,"column":53}},"type":"binary-expr","locations":[{"start":{"line":13,"column":26},"end":{"line":13,"column":42}},{"start":{"line":13,"column":46},"end":{"line":13,"column":53}}],"line":13}},"s":{"0":3,"1":3,"2":3,"3":3,"4":3,"5":0,"6":3,"7":4,"8":3,"9":3},"f":{"0":3,"1":4},"b":{"0":[0,3],"1":[3,2],"2":[4,2]},"_coverageSchema":"1a1c01bbd47fc00a2c39e90264f33305004495a9","hash":"09c5ee7b7fb3b1cee3ceb07b8aa4a9e32eaf3d59"}
,"/Users/sandraspanikova/coding/Springboard/Capstones/Geo/geo-challenge-backend/helpers/tokens.js": {"path":"/Users/sandraspanikova/coding/Springboard/Capstones/Geo/geo-challenge-backend/helpers/tokens.js","statementMap":{"0":{"start":{"line":1,"column":12},"end":{"line":1,"column":35}},"1":{"start":{"line":2,"column":23},"end":{"line":2,"column":43}},"2":{"start":{"line":9,"column":16},"end":{"line":11,"column":3}},"3":{"start":{"line":13,"column":2},"end":{"line":13,"column":39}},"4":{"start":{"line":16,"column":0},"end":{"line":16,"column":33}}},"fnMap":{"0":{"name":"createToken","decl":{"start":{"line":6,"column":9},"end":{"line":6,"column":20}},"loc":{"start":{"line":6,"column":27},"end":{"line":14,"column":1}},"line":6}},"branchMap":{},"s":{"0":3,"1":3,"2":11,"3":11,"4":3},"f":{"0":11},"b":{},"_coverageSchema":"1a1c01bbd47fc00a2c39e90264f33305004495a9","hash":"1afa7565360b84fceb7f480ae16551c6cfc981de"}
,"/Users/sandraspanikova/coding/Springboard/Capstones/Geo/geo-challenge-backend/middleware/auth.js": {"path":"/Users/sandraspanikova/coding/Springboard/Capstones/Geo/geo-challenge-backend/middleware/auth.js","statementMap":{"0":{"start":{"line":1,"column":12},"end":{"line":1,"column":35}},"1":{"start":{"line":2,"column":23},"end":{"line":2,"column":43}},"2":{"start":{"line":3,"column":30},"end":{"line":3,"column":56}},"3":{"start":{"line":10,"column":2},"end":{"line":19,"column":3}},"4":{"start":{"line":11,"column":23},"end":{"line":11,"column":63}},"5":{"start":{"line":12,"column":4},"end":{"line":15,"column":5}},"6":{"start":{"line":13,"column":20},"end":{"line":13,"column":64}},"7":{"start":{"line":14,"column":6},"end":{"line":14,"column":54}},"8":{"start":{"line":16,"column":4},"end":{"line":16,"column":18}},"9":{"start":{"line":18,"column":4},"end":{"line":18,"column":18}},"10":{"start":{"line":24,"column":2},"end":{"line":29,"column":3}},"11":{"start":{"line":25,"column":4},"end":{"line":25,"column":56}},"12":{"start":{"line":25,"column":26},"end":{"line":25,"column":56}},"13":{"start":{"line":26,"column":4},"end":{"line":26,"column":18}},"14":{"start":{"line":28,"column":4},"end":{"line":28,"column":21}},"15":{"start":{"line":34,"column":2},"end":{"line":43,"column":3}},"16":{"start":{"line":35,"column":17},"end":{"line":35,"column":32}},"17":{"start":{"line":36,"column":4},"end":{"line":40,"column":5}},"18":{"start":{"line":37,"column":6},"end":{"line":37,"column":20}},"19":{"start":{"line":39,"column":6},"end":{"line":39,"column":36}},"20":{"start":{"line":42,"column":4},"end":{"line":42,"column":19}},"21":{"start":{"line":46,"column":0},"end":{"line":50,"column":2}}},"fnMap":{"0":{"name":"authenticateJWT","decl":{"start":{"line":9,"column":9},"end":{"line":9,"column":24}},"loc":{"start":{"line":9,"column":41},"end":{"line":20,"column":1}},"line":9},"1":{"name":"ensureLoggedIn","decl":{"start":{"line":23,"column":9},"end":{"line":23,"column":23}},"loc":{"start":{"line":23,"column":40},"end":{"line":30,"column":1}},"line":23},"2":{"name":"ensureSelf","decl":{"start":{"line":33,"column":9},"end":{"line":33,"column":19}},"loc":{"start":{"line":33,"column":36},"end":{"line":44,"column":1}},"line":33}},"branchMap":{"0":{"loc":{"start":{"line":11,"column":23},"end":{"line":11,"column":63}},"type":"binary-expr","locations":[{"start":{"line":11,"column":23},"end":{"line":11,"column":34}},{"start":{"line":11,"column":38},"end":{"line":11,"column":63}}],"line":11},"1":{"loc":{"start":{"line":12,"column":4},"end":{"line":15,"column":5}},"type":"if","locations":[{"start":{"line":12,"column":4},"end":{"line":15,"column":5}},{"start":{"line":12,"column":4},"end":{"line":15,"column":5}}],"line":12},"2":{"loc":{"start":{"line":25,"column":4},"end":{"line":25,"column":56}},"type":"if","locations":[{"start":{"line":25,"column":4},"end":{"line":25,"column":56}},{"start":{"line":25,"column":4},"end":{"line":25,"column":56}}],"line":25},"3":{"loc":{"start":{"line":36,"column":4},"end":{"line":40,"column":5}},"type":"if","locations":[{"start":{"line":36,"column":4},"end":{"line":40,"column":5}},{"start":{"line":36,"column":4},"end":{"line":40,"column":5}}],"line":36}},"s":{"0":3,"1":3,"2":3,"3":22,"4":22,"5":22,"6":10,"7":10,"8":21,"9":1,"10":13,"11":13,"12":4,"13":9,"14":4,"15":10,"16":10,"17":10,"18":6,"19":4,"20":4,"21":3},"f":{"0":22,"1":13,"2":10},"b":{"0":[22,21],"1":[10,12],"2":[4,9],"3":[6,4]},"_coverageSchema":"1a1c01bbd47fc00a2c39e90264f33305004495a9","hash":"8ac86f617636554f34e66f3fa7efa77b40fbbea1"}
,"/Users/sandraspanikova/coding/Springboard/Capstones/Geo/geo-challenge-backend/models/_testCommon.js": {"path":"/Users/sandraspanikova/coding/Springboard/Capstones/Geo/geo-challenge-backend/models/_testCommon.js","statementMap":{"0":{"start":{"line":1,"column":15},"end":{"line":1,"column":32}},"1":{"start":{"line":2,"column":11},"end":{"line":2,"column":30}},"2":{"start":{"line":3,"column":31},"end":{"line":3,"column":51}},"3":{"start":{"line":6,"column":2},"end":{"line":6,"column":38}},"4":{"start":{"line":8,"column":2},"end":{"line":23,"column":4}},"5":{"start":{"line":27,"column":2},"end":{"line":27,"column":26}},"6":{"start":{"line":31,"column":2},"end":{"line":31,"column":29}},"7":{"start":{"line":35,"column":2},"end":{"line":35,"column":17}},"8":{"start":{"line":38,"column":0},"end":{"line":43,"column":2}}},"fnMap":{"0":{"name":"commonBeforeAll","decl":{"start":{"line":5,"column":15},"end":{"line":5,"column":30}},"loc":{"start":{"line":5,"column":33},"end":{"line":24,"column":1}},"line":5},"1":{"name":"commonBeforeEach","decl":{"start":{"line":26,"column":15},"end":{"line":26,"column":31}},"loc":{"start":{"line":26,"column":34},"end":{"line":28,"column":1}},"line":26},"2":{"name":"commonAfterEach","decl":{"start":{"line":30,"column":15},"end":{"line":30,"column":30}},"loc":{"start":{"line":30,"column":33},"end":{"line":32,"column":1}},"line":30},"3":{"name":"commonAfterAll","decl":{"start":{"line":34,"column":15},"end":{"line":34,"column":29}},"loc":{"start":{"line":34,"column":32},"end":{"line":36,"column":1}},"line":34}},"branchMap":{},"s":{"0":1,"1":1,"2":1,"3":1,"4":1,"5":14,"6":14,"7":1,"8":1},"f":{"0":1,"1":14,"2":14,"3":1},"b":{},"_coverageSchema":"1a1c01bbd47fc00a2c39e90264f33305004495a9","hash":"95ad4e069ffb41c3efe2a38c334a3261ec6ad812"}
,"/Users/sandraspanikova/coding/Springboard/Capstones/Geo/geo-challenge-backend/models/user.js": {"path":"/Users/sandraspanikova/coding/Springboard/Capstones/Geo/geo-challenge-backend/models/user.js","statementMap":{"0":{"start":{"line":1,"column":11},"end":{"line":1,"column":27}},"1":{"start":{"line":2,"column":15},"end":{"line":2,"column":32}},"2":{"start":{"line":7,"column":4},"end":{"line":7,"column":30}},"3":{"start":{"line":8,"column":31},"end":{"line":8,"column":54}},"4":{"start":{"line":9,"column":32},"end":{"line":9,"column":57}},"5":{"start":{"line":17,"column":19},"end":{"line":26,"column":5}},"6":{"start":{"line":27,"column":17},"end":{"line":27,"column":31}},"7":{"start":{"line":29,"column":4},"end":{"line":36,"column":5}},"8":{"start":{"line":31,"column":22},"end":{"line":31,"column":67}},"9":{"start":{"line":32,"column":6},"end":{"line":35,"column":7}},"10":{"start":{"line":33,"column":8},"end":{"line":33,"column":29}},"11":{"start":{"line":34,"column":8},"end":{"line":34,"column":20}},"12":{"start":{"line":38,"column":4},"end":{"line":38,"column":74}},"13":{"start":{"line":45,"column":27},"end":{"line":50,"column":5}},"14":{"start":{"line":52,"column":4},"end":{"line":54,"column":5}},"15":{"start":{"line":53,"column":6},"end":{"line":53,"column":72}},"16":{"start":{"line":56,"column":27},"end":{"line":56,"column":74}},"17":{"start":{"line":58,"column":19},"end":{"line":68,"column":5}},"18":{"start":{"line":70,"column":17},"end":{"line":70,"column":31}},"19":{"start":{"line":71,"column":4},"end":{"line":71,"column":16}},"20":{"start":{"line":78,"column":16},"end":{"line":87,"column":5}},"21":{"start":{"line":89,"column":17},"end":{"line":89,"column":28}},"22":{"start":{"line":90,"column":4},"end":{"line":90,"column":68}},"23":{"start":{"line":90,"column":15},"end":{"line":90,"column":68}},"24":{"start":{"line":91,"column":4},"end":{"line":91,"column":16}},"25":{"start":{"line":98,"column":19},"end":{"line":103,"column":5}},"26":{"start":{"line":104,"column":4},"end":{"line":104,"column":78}},"27":{"start":{"line":104,"column":25},"end":{"line":104,"column":78}},"28":{"start":{"line":105,"column":21},"end":{"line":105,"column":35}},"29":{"start":{"line":108,"column":20},"end":{"line":108,"column":74}},"30":{"start":{"line":109,"column":4},"end":{"line":111,"column":5}},"31":{"start":{"line":110,"column":6},"end":{"line":110,"column":54}},"32":{"start":{"line":114,"column":4},"end":{"line":125,"column":5}},"33":{"start":{"line":115,"column":29},"end":{"line":120,"column":7}},"34":{"start":{"line":122,"column":6},"end":{"line":124,"column":7}},"35":{"start":{"line":123,"column":8},"end":{"line":123,"column":79}},"36":{"start":{"line":128,"column":4},"end":{"line":128,"column":25}},"37":{"start":{"line":129,"column":4},"end":{"line":131,"column":5}},"38":{"start":{"line":130,"column":6},"end":{"line":130,"column":49}},"39":{"start":{"line":132,"column":32},"end":{"line":135,"column":6}},"40":{"start":{"line":136,"column":27},"end":{"line":136,"column":52}},"41":{"start":{"line":138,"column":21},"end":{"line":144,"column":49}},"42":{"start":{"line":145,"column":16},"end":{"line":145,"column":63}},"43":{"start":{"line":146,"column":17},"end":{"line":146,"column":28}},"44":{"start":{"line":147,"column":4},"end":{"line":147,"column":25}},"45":{"start":{"line":148,"column":4},"end":{"line":148,"column":16}},"46":{"start":{"line":153,"column":17},"end":{"line":159,"column":5}},"47":{"start":{"line":160,"column":17},"end":{"line":160,"column":31}},"48":{"start":{"line":162,"column":4},"end":{"line":162,"column":68}},"49":{"start":{"line":162,"column":15},"end":{"line":162,"column":68}},"50":{"start":{"line":166,"column":0},"end":{"line":166,"column":22}}},"fnMap":{"0":{"name":"(anonymous_0)","decl":{"start":{"line":15,"column":2},"end":{"line":15,"column":3}},"loc":{"start":{"line":15,"column":48},"end":{"line":39,"column":3}},"line":15},"1":{"name":"(anonymous_1)","decl":{"start":{"line":44,"column":2},"end":{"line":44,"column":3}},"loc":{"start":{"line":44,"column":76},"end":{"line":72,"column":3}},"line":44},"2":{"name":"(anonymous_2)","decl":{"start":{"line":77,"column":2},"end":{"line":77,"column":3}},"loc":{"start":{"line":77,"column":29},"end":{"line":92,"column":3}},"line":77},"3":{"name":"(anonymous_3)","decl":{"start":{"line":97,"column":2},"end":{"line":97,"column":3}},"loc":{"start":{"line":97,"column":38},"end":{"line":149,"column":3}},"line":97},"4":{"name":"(anonymous_4)","decl":{"start":{"line":152,"column":2},"end":{"line":152,"column":3}},"loc":{"start":{"line":152,"column":32},"end":{"line":163,"column":3}},"line":152}},"branchMap":{"0":{"loc":{"start":{"line":29,"column":4},"end":{"line":36,"column":5}},"type":"if","locations":[{"start":{"line":29,"column":4},"end":{"line":36,"column":5}},{"start":{"line":29,"column":4},"end":{"line":36,"column":5}}],"line":29},"1":{"loc":{"start":{"line":32,"column":6},"end":{"line":35,"column":7}},"type":"if","locations":[{"start":{"line":32,"column":6},"end":{"line":35,"column":7}},{"start":{"line":32,"column":6},"end":{"line":35,"column":7}}],"line":32},"2":{"loc":{"start":{"line":52,"column":4},"end":{"line":54,"column":5}},"type":"if","locations":[{"start":{"line":52,"column":4},"end":{"line":54,"column":5}},{"start":{"line":52,"column":4},"end":{"line":54,"column":5}}],"line":52},"3":{"loc":{"start":{"line":90,"column":4},"end":{"line":90,"column":68}},"type":"if","locations":[{"start":{"line":90,"column":4},"end":{"line":90,"column":68}},{"start":{"line":90,"column":4},"end":{"line":90,"column":68}}],"line":90},"4":{"loc":{"start":{"line":104,"column":4},"end":{"line":104,"column":78}},"type":"if","locations":[{"start":{"line":104,"column":4},"end":{"line":104,"column":78}},{"start":{"line":104,"column":4},"end":{"line":104,"column":78}}],"line":104},"5":{"loc":{"start":{"line":109,"column":4},"end":{"line":111,"column":5}},"type":"if","locations":[{"start":{"line":109,"column":4},"end":{"line":111,"column":5}},{"start":{"line":109,"column":4},"end":{"line":111,"column":5}}],"line":109},"6":{"loc":{"start":{"line":114,"column":4},"end":{"line":125,"column":5}},"type":"if","locations":[{"start":{"line":114,"column":4},"end":{"line":125,"column":5}},{"start":{"line":114,"column":4},"end":{"line":125,"column":5}}],"line":114},"7":{"loc":{"start":{"line":114,"column":8},"end":{"line":114,"column":60}},"type":"binary-expr","locations":[{"start":{"line":114,"column":8},"end":{"line":114,"column":21}},{"start":{"line":114,"column":25},"end":{"line":114,"column":60}}],"line":114},"8":{"loc":{"start":{"line":122,"column":6},"end":{"line":124,"column":7}},"type":"if","locations":[{"start":{"line":122,"column":6},"end":{"line":124,"column":7}},{"start":{"line":122,"column":6},"end":{"line":124,"column":7}}],"line":122},"9":{"loc":{"start":{"line":129,"column":4},"end":{"line":131,"column":5}},"type":"if","locations":[{"start":{"line":129,"column":4},"end":{"line":131,"column":5}},{"start":{"line":129,"column":4},"end":{"line":131,"column":5}}],"line":129},"10":{"loc":{"start":{"line":162,"column":4},"end":{"line":162,"column":68}},"type":"if","locations":[{"start":{"line":162,"column":4},"end":{"line":162,"column":68}},{"start":{"line":162,"column":4},"end":{"line":162,"column":68}}],"line":162}},"s":{"0":3,"1":3,"2":3,"3":3,"4":3,"5":6,"6":6,"7":6,"8":4,"9":4,"10":2,"11":2,"12":4,"13":10,"14":10,"15":2,"16":8,"17":8,"18":8,"19":8,"20":3,"21":3,"22":3,"23":1,"24":2,"25":7,"26":7,"27":1,"28":6,"29":6,"30":6,"31":1,"32":5,"33":3,"34":3,"35":1,"36":4,"37":4,"38":1,"39":3,"40":3,"41":3,"42":3,"43":3,"44":3,"45":3,"46":3,"47":3,"48":3,"49":1,"50":3},"f":{"0":6,"1":10,"2":3,"3":7,"4":3},"b":{"0":[4,2],"1":[2,2],"2":[2,8],"3":[1,2],"4":[1,6],"5":[1,5],"6":[3,2],"7":[5,3],"8":[1,2],"9":[1,3],"10":[1,2]},"_coverageSchema":"1a1c01bbd47fc00a2c39e90264f33305004495a9","hash":"b479836ba5ae2e8ea935307f716685468595ddd5"}
,"/Users/sandraspanikova/coding/Springboard/Capstones/Geo/geo-challenge-backend/routes/_testCommon.js": {"path":"/Users/sandraspanikova/coding/Springboard/Capstones/Geo/geo-challenge-backend/routes/_testCommon.js","statementMap":{"0":{"start":{"line":1,"column":11},"end":{"line":1,"column":30}},"1":{"start":{"line":2,"column":13},"end":{"line":2,"column":38}},"2":{"start":{"line":3,"column":24},"end":{"line":3,"column":52}},"3":{"start":{"line":6,"column":2},"end":{"line":6,"column":38}},"4":{"start":{"line":8,"column":2},"end":{"line":14,"column":5}},"5":{"start":{"line":15,"column":2},"end":{"line":21,"column":5}},"6":{"start":{"line":22,"column":2},"end":{"line":28,"column":5}},"7":{"start":{"line":32,"column":2},"end":{"line":32,"column":26}},"8":{"start":{"line":36,"column":2},"end":{"line":36,"column":29}},"9":{"start":{"line":40,"column":2},"end":{"line":40,"column":17}},"10":{"start":{"line":43,"column":16},"end":{"line":43,"column":47}},"11":{"start":{"line":44,"column":16},"end":{"line":44,"column":47}},"12":{"start":{"line":46,"column":0},"end":{"line":53,"column":2}}},"fnMap":{"0":{"name":"commonBeforeAll","decl":{"start":{"line":5,"column":15},"end":{"line":5,"column":30}},"loc":{"start":{"line":5,"column":33},"end":{"line":29,"column":1}},"line":5},"1":{"name":"commonBeforeEach","decl":{"start":{"line":31,"column":15},"end":{"line":31,"column":31}},"loc":{"start":{"line":31,"column":34},"end":{"line":33,"column":1}},"line":31},"2":{"name":"commonAfterEach","decl":{"start":{"line":35,"column":15},"end":{"line":35,"column":30}},"loc":{"start":{"line":35,"column":33},"end":{"line":37,"column":1}},"line":35},"3":{"name":"commonAfterAll","decl":{"start":{"line":39,"column":15},"end":{"line":39,"column":29}},"loc":{"start":{"line":39,"column":32},"end":{"line":41,"column":1}},"line":39}},"branchMap":{},"s":{"0":2,"1":2,"2":2,"3":2,"4":2,"5":2,"6":2,"7":19,"8":19,"9":2,"10":2,"11":2,"12":2},"f":{"0":2,"1":19,"2":19,"3":2},"b":{},"_coverageSchema":"1a1c01bbd47fc00a2c39e90264f33305004495a9","hash":"88d4b516251263c4515d033337637958ddbc5939"}
,"/Users/sandraspanikova/coding/Springboard/Capstones/Geo/geo-challenge-backend/routes/auth.js": {"path":"/Users/sandraspanikova/coding/Springboard/Capstones/Geo/geo-challenge-backend/routes/auth.js","statementMap":{"0":{"start":{"line":1,"column":19},"end":{"line":1,"column":40}},"1":{"start":{"line":2,"column":13},"end":{"line":2,"column":38}},"2":{"start":{"line":3,"column":16},"end":{"line":3,"column":34}},"3":{"start":{"line":4,"column":15},"end":{"line":4,"column":35}},"4":{"start":{"line":5,"column":24},"end":{"line":5,"column":52}},"5":{"start":{"line":6,"column":23},"end":{"line":6,"column":58}},"6":{"start":{"line":7,"column":27},"end":{"line":7,"column":66}},"7":{"start":{"line":8,"column":28},"end":{"line":8,"column":54}},"8":{"start":{"line":12,"column":0},"end":{"line":27,"column":3}},"9":{"start":{"line":13,"column":2},"end":{"line":26,"column":3}},"10":{"start":{"line":14,"column":22},"end":{"line":14,"column":67}},"11":{"start":{"line":15,"column":4},"end":{"line":18,"column":5}},"12":{"start":{"line":16,"column":19},"end":{"line":16,"column":55}},"13":{"start":{"line":16,"column":47},"end":{"line":16,"column":54}},"14":{"start":{"line":17,"column":6},"end":{"line":17,"column":38}},"15":{"start":{"line":20,"column":35},"end":{"line":20,"column":43}},"16":{"start":{"line":21,"column":17},"end":{"line":21,"column":60}},"17":{"start":{"line":22,"column":18},"end":{"line":22,"column":35}},"18":{"start":{"line":23,"column":4},"end":{"line":23,"column":31}},"19":{"start":{"line":25,"column":4},"end":{"line":25,"column":21}},"20":{"start":{"line":31,"column":0},"end":{"line":45,"column":3}},"21":{"start":{"line":32,"column":2},"end":{"line":44,"column":3}},"22":{"start":{"line":33,"column":22},"end":{"line":33,"column":71}},"23":{"start":{"line":34,"column":4},"end":{"line":37,"column":5}},"24":{"start":{"line":35,"column":19},"end":{"line":35,"column":55}},"25":{"start":{"line":35,"column":47},"end":{"line":35,"column":54}},"26":{"start":{"line":36,"column":6},"end":{"line":36,"column":38}},"27":{"start":{"line":39,"column":20},"end":{"line":39,"column":49}},"28":{"start":{"line":40,"column":18},"end":{"line":40,"column":38}},"29":{"start":{"line":41,"column":4},"end":{"line":41,"column":43}},"30":{"start":{"line":43,"column":4},"end":{"line":43,"column":21}},"31":{"start":{"line":47,"column":0},"end":{"line":47,"column":24}}},"fnMap":{"0":{"name":"(anonymous_0)","decl":{"start":{"line":12,"column":22},"end":{"line":12,"column":23}},"loc":{"start":{"line":12,"column":54},"end":{"line":27,"column":1}},"line":12},"1":{"name":"(anonymous_1)","decl":{"start":{"line":16,"column":40},"end":{"line":16,"column":41}},"loc":{"start":{"line":16,"column":47},"end":{"line":16,"column":54}},"line":16},"2":{"name":"(anonymous_2)","decl":{"start":{"line":31,"column":25},"end":{"line":31,"column":26}},"loc":{"start":{"line":31,"column":57},"end":{"line":45,"column":1}},"line":31},"3":{"name":"(anonymous_3)","decl":{"start":{"line":35,"column":40},"end":{"line":35,"column":41}},"loc":{"start":{"line":35,"column":47},"end":{"line":35,"column":54}},"line":35}},"branchMap":{"0":{"loc":{"start":{"line":15,"column":4},"end":{"line":18,"column":5}},"type":"if","locations":[{"start":{"line":15,"column":4},"end":{"line":18,"column":5}},{"start":{"line":15,"column":4},"end":{"line":18,"column":5}}],"line":15},"1":{"loc":{"start":{"line":34,"column":4},"end":{"line":37,"column":5}},"type":"if","locations":[{"start":{"line":34,"column":4},"end":{"line":37,"column":5}},{"start":{"line":34,"column":4},"end":{"line":37,"column":5}}],"line":34}},"s":{"0":2,"1":2,"2":2,"3":2,"4":2,"5":2,"6":2,"7":2,"8":2,"9":5,"10":5,"11":5,"12":2,"13":2,"14":2,"15":3,"16":3,"17":1,"18":1,"19":4,"20":2,"21":3,"22":3,"23":3,"24":2,"25":5,"26":2,"27":1,"28":1,"29":1,"30":2,"31":2},"f":{"0":5,"1":2,"2":3,"3":5},"b":{"0":[2,3],"1":[2,1]},"_coverageSchema":"1a1c01bbd47fc00a2c39e90264f33305004495a9","hash":"45596b42895275fb7cc600a32e32fa4497bd3562"}
,"/Users/sandraspanikova/coding/Springboard/Capstones/Geo/geo-challenge-backend/routes/users.js": {"path":"/Users/sandraspanikova/coding/Springboard/Capstones/Geo/geo-challenge-backend/routes/users.js","statementMap":{"0":{"start":{"line":1,"column":19},"end":{"line":1,"column":40}},"1":{"start":{"line":3,"column":16},"end":{"line":3,"column":34}},"2":{"start":{"line":4,"column":39},"end":{"line":4,"column":68}},"3":{"start":{"line":5,"column":28},"end":{"line":5,"column":54}},"4":{"start":{"line":6,"column":13},"end":{"line":6,"column":38}},"5":{"start":{"line":7,"column":24},"end":{"line":7,"column":52}},"6":{"start":{"line":9,"column":25},"end":{"line":9,"column":62}},"7":{"start":{"line":11,"column":15},"end":{"line":11,"column":31}},"8":{"start":{"line":16,"column":0},"end":{"line":28,"column":2}},"9":{"start":{"line":21,"column":4},"end":{"line":26,"column":5}},"10":{"start":{"line":22,"column":19},"end":{"line":22,"column":54}},"11":{"start":{"line":23,"column":6},"end":{"line":23,"column":32}},"12":{"start":{"line":25,"column":6},"end":{"line":25,"column":23}},"13":{"start":{"line":34,"column":0},"end":{"line":53,"column":2}},"14":{"start":{"line":39,"column":4},"end":{"line":51,"column":5}},"15":{"start":{"line":40,"column":24},"end":{"line":40,"column":71}},"16":{"start":{"line":41,"column":6},"end":{"line":44,"column":7}},"17":{"start":{"line":42,"column":21},"end":{"line":42,"column":57}},"18":{"start":{"line":42,"column":49},"end":{"line":42,"column":56}},"19":{"start":{"line":43,"column":8},"end":{"line":43,"column":40}},"20":{"start":{"line":46,"column":19},"end":{"line":46,"column":67}},"21":{"start":{"line":47,"column":20},"end":{"line":47,"column":37}},"22":{"start":{"line":48,"column":6},"end":{"line":48,"column":39}},"23":{"start":{"line":50,"column":6},"end":{"line":50,"column":23}},"24":{"start":{"line":57,"column":0},"end":{"line":69,"column":2}},"25":{"start":{"line":62,"column":4},"end":{"line":67,"column":5}},"26":{"start":{"line":63,"column":6},"end":{"line":63,"column":45}},"27":{"start":{"line":64,"column":6},"end":{"line":64,"column":56}},"28":{"start":{"line":66,"column":6},"end":{"line":66,"column":23}},"29":{"start":{"line":71,"column":0},"end":{"line":71,"column":24}}},"fnMap":{"0":{"name":"(anonymous_0)","decl":{"start":{"line":20,"column":2},"end":{"line":20,"column":3}},"loc":{"start":{"line":20,"column":34},"end":{"line":27,"column":3}},"line":20},"1":{"name":"(anonymous_1)","decl":{"start":{"line":38,"column":2},"end":{"line":38,"column":3}},"loc":{"start":{"line":38,"column":34},"end":{"line":52,"column":3}},"line":38},"2":{"name":"(anonymous_2)","decl":{"start":{"line":42,"column":42},"end":{"line":42,"column":43}},"loc":{"start":{"line":42,"column":49},"end":{"line":42,"column":56}},"line":42},"3":{"name":"(anonymous_3)","decl":{"start":{"line":61,"column":2},"end":{"line":61,"column":3}},"loc":{"start":{"line":61,"column":34},"end":{"line":68,"column":3}},"line":61}},"branchMap":{"0":{"loc":{"start":{"line":41,"column":6},"end":{"line":44,"column":7}},"type":"if","locations":[{"start":{"line":41,"column":6},"end":{"line":44,"column":7}},{"start":{"line":41,"column":6},"end":{"line":44,"column":7}}],"line":41}},"s":{"0":2,"1":2,"2":2,"3":2,"4":2,"5":2,"6":2,"7":2,"8":2,"9":1,"10":1,"11":1,"12":0,"13":2,"14":3,"15":3,"16":3,"17":1,"18":1,"19":1,"20":2,"21":2,"22":2,"23":1,"24":2,"25":1,"26":1,"27":1,"28":0,"29":2},"f":{"0":1,"1":3,"2":1,"3":1},"b":{"0":[1,2]},"_coverageSchema":"1a1c01bbd47fc00a2c39e90264f33305004495a9","hash":"c294b245255b7344d73e50341021510bd9ac734f"}
}
