TN:
SF:app.js
FN:18,(anonymous_0)
FN:23,(anonymous_1)
FNF:2
FNH:1
FNDA:0,(anonymous_0)
FNDA:13,(anonymous_1)
DA:1,2
DA:3,2
DA:4,2
DA:5,2
DA:6,2
DA:7,2
DA:10,2
DA:11,2
DA:12,2
DA:14,2
DA:15,2
DA:18,2
DA:19,0
DA:23,2
DA:24,13
DA:25,13
DA:26,13
DA:28,13
DA:33,2
LF:19
LH:18
BRDA:24,0,0,0
BRDA:24,0,1,13
BRDA:25,1,0,13
BRDA:25,1,1,0
BRF:4
BRH:2
end_of_record
TN:
SF:config.js
FN:7,getDatabaseUri
FNF:1
FNH:1
FNDA:8,getDatabaseUri
DA:1,5
DA:3,5
DA:4,5
DA:8,8
DA:14,5
DA:16,5
DA:17,5
DA:18,5
DA:19,5
DA:20,5
DA:21,5
DA:23,5
LF:12
LH:12
BRDA:3,0,0,5
BRDA:3,0,1,5
BRDA:4,1,0,5
BRDA:4,1,1,5
BRDA:8,2,0,8
BRDA:8,2,1,0
BRDA:10,3,0,0
BRDA:10,3,1,0
BRDA:14,4,0,5
BRDA:14,4,1,0
BRF:10
BRH:6
end_of_record
TN:
SF:db.js
FNF:0
FNH:0
DA:1,3
DA:2,3
DA:4,3
DA:12,3
DA:14,3
LF:5
LH:5
BRF:0
BRH:0
end_of_record
TN:
SF:expressError.js
FN:2,(anonymous_0)
FN:12,(anonymous_1)
FN:20,(anonymous_2)
FN:28,(anonymous_3)
FNF:4
FNH:4
FNDA:25,(anonymous_0)
FNDA:3,(anonymous_1)
FNDA:13,(anonymous_2)
FNDA:9,(anonymous_3)
DA:3,25
DA:4,25
DA:5,25
DA:13,3
DA:21,13
DA:29,9
DA:33,4
LF:7
LH:7
BRDA:12,0,0,0
BRDA:20,1,0,8
BRDA:28,2,0,0
BRF:3
BRH:1
end_of_record
TN:
SF:helpers/sql.js
FN:4,sqlForPartialUpdate
FN:13,(anonymous_1)
FNF:2
FNH:2
FNDA:3,sqlForPartialUpdate
FNDA:4,(anonymous_1)
DA:1,3
DA:2,3
DA:5,3
DA:6,3
DA:7,3
DA:8,0
DA:12,3
DA:13,4
DA:16,3
DA:22,3
LF:10
LH:9
BRDA:7,0,0,0
BRDA:7,0,1,3
BRDA:7,1,0,3
BRDA:7,1,1,2
BRDA:13,2,0,4
BRDA:13,2,1,2
BRF:6
BRH:5
end_of_record
TN:
SF:helpers/tokens.js
FN:6,createToken
FNF:1
FNH:1
FNDA:11,createToken
DA:1,3
DA:2,3
DA:9,11
DA:13,11
DA:16,3
LF:5
LH:5
BRF:0
BRH:0
end_of_record
TN:
SF:middleware/auth.js
FN:9,authenticateJWT
FN:23,ensureLoggedIn
FN:33,ensureSelf
FNF:3
FNH:3
FNDA:22,authenticateJWT
FNDA:13,ensureLoggedIn
FNDA:10,ensureSelf
DA:1,3
DA:2,3
DA:3,3
DA:10,22
DA:11,22
DA:12,22
DA:13,10
DA:14,10
DA:16,21
DA:18,1
DA:24,13
DA:25,13
DA:26,9
DA:28,4
DA:34,10
DA:35,10
DA:36,10
DA:37,6
DA:39,4
DA:42,4
DA:46,3
LF:21
LH:21
BRDA:11,0,0,22
BRDA:11,0,1,21
BRDA:12,1,0,10
BRDA:12,1,1,12
BRDA:25,2,0,4
BRDA:25,2,1,9
BRDA:36,3,0,6
BRDA:36,3,1,4
BRF:8
BRH:8
end_of_record
TN:
SF:models/_testCommon.js
FN:5,commonBeforeAll
FN:26,commonBeforeEach
FN:30,commonAfterEach
FN:34,commonAfterAll
FNF:4
FNH:4
FNDA:1,commonBeforeAll
FNDA:14,commonBeforeEach
FNDA:14,commonAfterEach
FNDA:1,commonAfterAll
DA:1,1
DA:2,1
DA:3,1
DA:6,1
DA:8,1
DA:27,14
DA:31,14
DA:35,1
DA:38,1
LF:9
LH:9
BRF:0
BRH:0
end_of_record
TN:
SF:models/user.js
FN:15,(anonymous_0)
FN:44,(anonymous_1)
FN:77,(anonymous_2)
FN:97,(anonymous_3)
FN:152,(anonymous_4)
FNF:5
FNH:5
FNDA:6,(anonymous_0)
FNDA:10,(anonymous_1)
FNDA:3,(anonymous_2)
FNDA:7,(anonymous_3)
FNDA:3,(anonymous_4)
DA:1,3
DA:2,3
DA:7,3
DA:8,3
DA:9,3
DA:17,6
DA:27,6
DA:29,6
DA:31,4
DA:32,4
DA:33,2
DA:34,2
DA:38,4
DA:45,10
DA:52,10
DA:53,2
DA:56,8
DA:58,8
DA:70,8
DA:71,8
DA:78,3
DA:89,3
DA:90,3
DA:91,2
DA:98,7
DA:104,7
DA:105,6
DA:108,6
DA:109,6
DA:110,1
DA:114,5
DA:115,3
DA:122,3
DA:123,1
DA:128,4
DA:129,4
DA:130,1
DA:132,3
DA:136,3
DA:138,3
DA:145,3
DA:146,3
DA:147,3
DA:148,3
DA:153,3
DA:160,3
DA:162,3
DA:166,3
LF:48
LH:48
BRDA:29,0,0,4
BRDA:29,0,1,2
BRDA:32,1,0,2
BRDA:32,1,1,2
BRDA:52,2,0,2
BRDA:52,2,1,8
BRDA:90,3,0,1
BRDA:90,3,1,2
BRDA:104,4,0,1
BRDA:104,4,1,6
BRDA:109,5,0,1
BRDA:109,5,1,5
BRDA:114,6,0,3
BRDA:114,6,1,2
BRDA:114,7,0,5
BRDA:114,7,1,3
BRDA:122,8,0,1
BRDA:122,8,1,2
BRDA:129,9,0,1
BRDA:129,9,1,3
BRDA:162,10,0,1
BRDA:162,10,1,2
BRF:22
BRH:22
end_of_record
TN:
SF:routes/_testCommon.js
FN:5,commonBeforeAll
FN:31,commonBeforeEach
FN:35,commonAfterEach
FN:39,commonAfterAll
FNF:4
FNH:4
FNDA:2,commonBeforeAll
FNDA:19,commonBeforeEach
FNDA:19,commonAfterEach
FNDA:2,commonAfterAll
DA:1,2
DA:2,2
DA:3,2
DA:6,2
DA:8,2
DA:15,2
DA:22,2
DA:32,19
DA:36,19
DA:40,2
DA:43,2
DA:44,2
DA:46,2
LF:13
LH:13
BRF:0
BRH:0
end_of_record
TN:
SF:routes/auth.js
FN:12,(anonymous_0)
FN:16,(anonymous_1)
FN:31,(anonymous_2)
FN:35,(anonymous_3)
FNF:4
FNH:4
FNDA:5,(anonymous_0)
FNDA:2,(anonymous_1)
FNDA:3,(anonymous_2)
FNDA:5,(anonymous_3)
DA:1,2
DA:2,2
DA:3,2
DA:4,2
DA:5,2
DA:6,2
DA:7,2
DA:8,2
DA:12,2
DA:13,5
DA:14,5
DA:15,5
DA:16,2
DA:17,2
DA:20,3
DA:21,3
DA:22,1
DA:23,1
DA:25,4
DA:31,2
DA:32,3
DA:33,3
DA:34,3
DA:35,5
DA:36,2
DA:39,1
DA:40,1
DA:41,1
DA:43,2
DA:47,2
LF:30
LH:30
BRDA:15,0,0,2
BRDA:15,0,1,3
BRDA:34,1,0,2
BRDA:34,1,1,1
BRF:4
BRH:4
end_of_record
TN:
SF:routes/users.js
FN:20,(anonymous_0)
FN:38,(anonymous_1)
FN:42,(anonymous_2)
FN:61,(anonymous_3)
FNF:4
FNH:4
FNDA:1,(anonymous_0)
FNDA:3,(anonymous_1)
FNDA:1,(anonymous_2)
FNDA:1,(anonymous_3)
DA:1,2
DA:3,2
DA:4,2
DA:5,2
DA:6,2
DA:7,2
DA:9,2
DA:11,2
DA:16,2
DA:21,1
DA:22,1
DA:23,1
DA:25,0
DA:34,2
DA:39,3
DA:40,3
DA:41,3
DA:42,1
DA:43,1
DA:46,2
DA:47,2
DA:48,2
DA:50,1
DA:57,2
DA:62,1
DA:63,1
DA:64,1
DA:66,0
DA:71,2
LF:29
LH:27
BRDA:41,0,0,1
BRDA:41,0,1,2
BRF:2
BRH:2
end_of_record
