TN:
SF:app.js
FN:20,(anonymous_0)
FN:25,(anonymous_1)
FNF:2
FNH:1
FNDA:0,(anonymous_0)
FNDA:14,(anonymous_1)
DA:1,3
DA:3,3
DA:4,3
DA:5,3
DA:6,3
DA:7,3
DA:8,3
DA:11,3
DA:12,3
DA:13,3
DA:15,3
DA:16,3
DA:17,3
DA:20,3
DA:21,0
DA:25,3
DA:26,14
DA:27,14
DA:28,14
DA:30,14
DA:35,3
LF:21
LH:20
BRDA:26,0,0,0
BRDA:26,0,1,14
BRDA:27,1,0,14
BRDA:27,1,1,0
BRF:4
BRH:2
end_of_record
TN:
SF:config.js
FN:7,getDatabaseUri
FNF:1
FNH:1
FNDA:12,getDatabaseUri
DA:1,7
DA:3,7
DA:4,7
DA:8,12
DA:14,7
DA:16,7
DA:17,7
DA:18,7
DA:19,7
DA:20,7
DA:21,7
DA:23,7
LF:12
LH:12
BRDA:3,0,0,7
BRDA:3,0,1,7
BRDA:4,1,0,7
BRDA:4,1,1,7
BRDA:8,2,0,12
BRDA:8,2,1,0
BRDA:10,3,0,0
BRDA:10,3,1,0
BRDA:14,4,0,7
BRDA:14,4,1,0
BRF:10
BRH:6
end_of_record
TN:
SF:db.js
FNF:0
FNH:0
DA:1,5
DA:2,5
DA:4,5
DA:12,5
DA:14,5
LF:5
LH:5
BRF:0
BRH:0
end_of_record
TN:
SF:expressError.js
FN:2,(anonymous_0)
FN:12,(anonymous_1)
FN:20,(anonymous_2)
FN:28,(anonymous_3)
FNF:4
FNH:4
FNDA:25,(anonymous_0)
FNDA:3,(anonymous_1)
FNDA:14,(anonymous_2)
FNDA:8,(anonymous_3)
DA:3,25
DA:4,25
DA:5,25
DA:13,3
DA:21,14
DA:29,8
DA:33,6
LF:7
LH:7
BRDA:12,0,0,0
BRDA:20,1,0,9
BRDA:28,2,0,0
BRF:3
BRH:1
end_of_record
TN:
SF:helpers/sql.js
FN:4,sqlForPartialUpdate
FN:13,(anonymous_1)
FNF:2
FNH:2
FNDA:3,sqlForPartialUpdate
FNDA:4,(anonymous_1)
DA:1,4
DA:2,4
DA:5,3
DA:6,3
DA:7,3
DA:8,0
DA:12,3
DA:13,4
DA:16,3
DA:22,4
LF:10
LH:9
BRDA:7,0,0,0
BRDA:7,0,1,3
BRDA:7,1,0,3
BRDA:7,1,1,2
BRDA:13,2,0,4
BRDA:13,2,1,2
BRF:6
BRH:5
end_of_record
TN:
SF:helpers/tokens.js
FN:6,createToken
FNF:1
FNH:1
FNDA:13,createToken
DA:1,4
DA:2,4
DA:9,13
DA:13,13
DA:16,4
LF:5
LH:5
BRF:0
BRH:0
end_of_record
TN:
SF:middleware/auth.js
FN:9,authenticateJWT
FN:23,ensureLoggedIn
FN:33,ensureSelf
FNF:3
FNH:3
FNDA:24,authenticateJWT
FNDA:15,ensureLoggedIn
FNDA:10,ensureSelf
DA:1,4
DA:2,4
DA:3,4
DA:10,24
DA:11,24
DA:12,24
DA:13,11
DA:14,11
DA:16,23
DA:18,1
DA:24,15
DA:25,15
DA:26,10
DA:28,5
DA:34,10
DA:35,10
DA:36,10
DA:37,6
DA:39,4
DA:42,4
DA:46,4
LF:21
LH:21
BRDA:11,0,0,24
BRDA:11,0,1,23
BRDA:12,1,0,11
BRDA:12,1,1,13
BRDA:25,2,0,5
BRDA:25,2,1,10
BRDA:36,3,0,6
BRDA:36,3,1,4
BRF:8
BRH:8
end_of_record
TN:
SF:models/_testCommon.js
FN:5,commonBeforeAll
FN:26,commonBeforeEach
FN:30,commonAfterEach
FN:34,commonAfterAll
FNF:4
FNH:4
FNDA:2,commonBeforeAll
FNDA:15,commonBeforeEach
FNDA:15,commonAfterEach
FNDA:2,commonAfterAll
DA:1,2
DA:2,2
DA:3,2
DA:6,2
DA:8,2
DA:27,15
DA:31,15
DA:35,2
DA:38,2
LF:9
LH:9
BRF:0
BRH:0
end_of_record
TN:
SF:models/highscores.js
FN:11,(anonymous_0)
FNF:1
FNH:1
FNDA:2,(anonymous_0)
DA:1,4
DA:6,4
DA:12,2
DA:19,2
DA:20,2
DA:24,4
LF:6
LH:6
BRF:0
BRH:0
end_of_record
TN:
SF:models/user.js
FN:15,(anonymous_0)
FN:44,(anonymous_1)
FN:77,(anonymous_2)
FN:97,(anonymous_3)
FN:152,(anonymous_4)
FNF:5
FNH:5
FNDA:6,(anonymous_0)
FNDA:13,(anonymous_1)
FNDA:3,(anonymous_2)
FNDA:7,(anonymous_3)
FNDA:3,(anonymous_4)
DA:1,4
DA:2,4
DA:7,4
DA:8,4
DA:9,4
DA:17,6
DA:27,6
DA:29,6
DA:31,4
DA:32,4
DA:33,2
DA:34,2
DA:38,4
DA:45,13
DA:52,13
DA:53,1
DA:56,12
DA:58,12
DA:70,12
DA:71,12
DA:78,3
DA:89,3
DA:90,3
DA:91,2
DA:98,7
DA:104,7
DA:105,6
DA:108,6
DA:109,6
DA:110,1
DA:114,5
DA:115,3
DA:122,3
DA:123,1
DA:128,4
DA:129,4
DA:130,1
DA:132,3
DA:136,3
DA:138,3
DA:145,3
DA:146,3
DA:147,3
DA:148,3
DA:153,3
DA:160,3
DA:162,3
DA:166,4
LF:48
LH:48
BRDA:29,0,0,4
BRDA:29,0,1,2
BRDA:32,1,0,2
BRDA:32,1,1,2
BRDA:52,2,0,1
BRDA:52,2,1,12
BRDA:90,3,0,1
BRDA:90,3,1,2
BRDA:104,4,0,1
BRDA:104,4,1,6
BRDA:109,5,0,1
BRDA:109,5,1,5
BRDA:114,6,0,3
BRDA:114,6,1,2
BRDA:114,7,0,5
BRDA:114,7,1,3
BRDA:122,8,0,1
BRDA:122,8,1,2
BRDA:129,9,0,1
BRDA:129,9,1,3
BRDA:162,10,0,1
BRDA:162,10,1,2
BRF:22
BRH:22
end_of_record
TN:
SF:routes/_testCommon.js
FN:5,commonBeforeAll
FN:31,commonBeforeEach
FN:35,commonAfterEach
FN:39,commonAfterAll
FNF:4
FNH:4
FNDA:3,commonBeforeAll
FNDA:21,commonBeforeEach
FNDA:21,commonAfterEach
FNDA:3,commonAfterAll
DA:1,3
DA:2,3
DA:3,3
DA:6,3
DA:8,3
DA:15,3
DA:22,3
DA:32,21
DA:36,21
DA:40,3
DA:43,3
DA:44,3
DA:46,3
LF:13
LH:13
BRF:0
BRH:0
end_of_record
TN:
SF:routes/auth.js
FN:12,(anonymous_0)
FN:16,(anonymous_1)
FN:31,(anonymous_2)
FN:35,(anonymous_3)
FNF:4
FNH:4
FNDA:5,(anonymous_0)
FNDA:2,(anonymous_1)
FNDA:3,(anonymous_2)
FNDA:5,(anonymous_3)
DA:1,3
DA:2,3
DA:3,3
DA:4,3
DA:5,3
DA:6,3
DA:7,3
DA:8,3
DA:12,3
DA:13,5
DA:14,5
DA:15,5
DA:16,2
DA:17,2
DA:20,3
DA:21,3
DA:22,1
DA:23,1
DA:25,4
DA:31,3
DA:32,3
DA:33,3
DA:34,3
DA:35,5
DA:36,2
DA:39,1
DA:40,1
DA:41,1
DA:43,2
DA:47,3
LF:30
LH:30
BRDA:15,0,0,2
BRDA:15,0,1,3
BRDA:34,1,0,2
BRDA:34,1,1,1
BRF:4
BRH:4
end_of_record
TN:
SF:routes/highscores.js
FN:9,(anonymous_0)
FNF:1
FNH:1
FNDA:1,(anonymous_0)
DA:1,3
DA:2,3
DA:3,3
DA:4,3
DA:9,3
DA:10,1
DA:11,1
DA:12,1
DA:14,0
DA:18,3
LF:10
LH:9
BRF:0
BRH:0
end_of_record
TN:
SF:routes/users.js
FN:20,(anonymous_0)
FN:38,(anonymous_1)
FN:42,(anonymous_2)
FN:61,(anonymous_3)
FNF:4
FNH:4
FNDA:1,(anonymous_0)
FNDA:3,(anonymous_1)
FNDA:1,(anonymous_2)
FNDA:1,(anonymous_3)
DA:1,3
DA:3,3
DA:4,3
DA:5,3
DA:6,3
DA:7,3
DA:9,3
DA:11,3
DA:16,3
DA:21,1
DA:22,1
DA:23,1
DA:25,0
DA:34,3
DA:39,3
DA:40,3
DA:41,3
DA:42,1
DA:43,1
DA:46,2
DA:47,2
DA:48,2
DA:50,1
DA:57,3
DA:62,1
DA:63,1
DA:64,1
DA:66,0
DA:71,3
LF:29
LH:27
BRDA:41,0,0,1
BRDA:41,0,1,2
BRF:2
BRH:2
end_of_record
